[debug] [2020-04-13T20:36:22.893Z] ----------------------------------------------------------------------
[debug] [2020-04-13T20:36:22.896Z] Command:       C:\Program Files\nodejs\node.exe C:\Users\zxz\AppData\Roaming\npm\node_modules\firebase-tools\lib\bin\firebase.js init
[debug] [2020-04-13T20:36:22.896Z] CLI Version:   7.14.0
[debug] [2020-04-13T20:36:22.896Z] Platform:      win32
[debug] [2020-04-13T20:36:22.896Z] Node Version:  v12.16.1
[debug] [2020-04-13T20:36:22.903Z] Time:          Tue Apr 14 2020 01:36:22 GMT+0500 (Pakistan Standard Time)
[debug] [2020-04-13T20:36:22.903Z] ----------------------------------------------------------------------
[debug] [2020-04-13T20:36:22.903Z] 
[debug] [2020-04-13T20:36:22.915Z] > command requires scopes: ["email","openid","https://www.googleapis.com/auth/cloudplatformprojects.readonly","https://www.googleapis.com/auth/firebase","https://www.googleapis.com/auth/cloud-platform"]
[debug] [2020-04-13T20:36:22.916Z] > authorizing via signed-in user
[info] 
     ######## #### ########  ######## ########     ###     ######  ########
     ##        ##  ##     ## ##       ##     ##  ##   ##  ##       ##
     ######    ##  ########  ######   ########  #########  ######  ######
     ##        ##  ##    ##  ##       ##     ## ##     ##       ## ##
     ##       #### ##     ## ######## ########  ##     ##  ######  ########

You're about to initialize a Firebase project in this directory:

  E:\Simple_todolist

[info] 
=== Project Setup
[info] 
[info] First, let's associate this project directory with a Firebase project.
[info] You can create multiple project aliases by running firebase use --add, 
[info] but for now we'll just set up a default project.
[info] 
[debug] [2020-04-13T20:37:35.126Z] > refreshing access token with scopes: ["email","https://www.googleapis.com/auth/cloud-platform","https://www.googleapis.com/auth/cloudplatformprojects.readonly","https://www.googleapis.com/auth/firebase","openid"]
[debug] [2020-04-13T20:37:35.127Z] >>> HTTP REQUEST POST https://www.googleapis.com/oauth2/v3/token  
 <request body omitted>
[debug] [2020-04-13T20:37:35.480Z] <<< HTTP RESPONSE 200
[debug] [2020-04-13T20:37:35.498Z] >>> HTTP REQUEST GET https://firebase.googleapis.com/v1beta1/projects?pageSize=100  
 
[debug] [2020-04-13T20:37:36.088Z] <<< HTTP RESPONSE 200
[debug] [2020-04-13T20:37:49.516Z] Error: kill ENOSYS
    at process.kill (internal/process/per_thread.js:196:13)
    at process.listener (C:\Users\zxz\AppData\Roaming\npm\node_modules\firebase-tools\node_modules\signal-exit\index.js:95:15)
    at process.emit (events.js:311:20)
[error] 
[error] Error: An unexpected error has occurred.
[debug] [2020-04-13T20:38:52.187Z] ----------------------------------------------------------------------
[debug] [2020-04-13T20:38:52.191Z] Command:       C:\Program Files\nodejs\node.exe C:\Users\zxz\AppData\Roaming\npm\node_modules\firebase-tools\lib\bin\firebase.js init
[debug] [2020-04-13T20:38:52.191Z] CLI Version:   7.14.0
[debug] [2020-04-13T20:38:52.192Z] Platform:      win32
[debug] [2020-04-13T20:38:52.192Z] Node Version:  v12.16.1
[debug] [2020-04-13T20:38:52.193Z] Time:          Tue Apr 14 2020 01:38:52 GMT+0500 (Pakistan Standard Time)
[debug] [2020-04-13T20:38:52.193Z] ----------------------------------------------------------------------
[debug] [2020-04-13T20:38:52.193Z] 
[debug] [2020-04-13T20:38:52.200Z] > command requires scopes: ["email","openid","https://www.googleapis.com/auth/cloudplatformprojects.readonly","https://www.googleapis.com/auth/firebase","https://www.googleapis.com/auth/cloud-platform"]
[debug] [2020-04-13T20:38:52.200Z] > authorizing via signed-in user
[info] 
     ######## #### ########  ######## ########     ###     ######  ########
     ##        ##  ##     ## ##       ##     ##  ##   ##  ##       ##
     ######    ##  ########  ######   ########  #########  ######  ######
     ##        ##  ##    ##  ##       ##     ## ##     ##       ## ##
     ##       #### ##     ## ######## ########  ##     ##  ######  ########

You're about to initialize a Firebase project in this directory:

  E:\Simple_todolist

[info] 
=== Project Setup
[info] 
[info] First, let's associate this project directory with a Firebase project.
[info] You can create multiple project aliases by running firebase use --add, 
[info] but for now we'll just set up a default project.
[info] 
[debug] [2020-04-13T20:38:58.389Z] >>> HTTP REQUEST GET https://firebase.googleapis.com/v1beta1/projects?pageSize=100  
 
[debug] [2020-04-13T20:38:58.895Z] <<< HTTP RESPONSE 200
[info] i  Using project simple-todo-app-daf46 (simple-Todo-app)
[info] 
=== Hosting Setup
[info] 
[info] Your public directory is the folder (relative to your project directory) that
[info] will contain Hosting assets to be uploaded with firebase deploy. If you
[info] have a build process for your assets, use your build's output directory.
[info] 
[debug] [2020-04-13T20:42:19.474Z] >>> HTTP REQUEST GET https://www.gstatic.com/firebasejs/releases.json  
 
[debug] [2020-04-13T20:42:19.665Z] <<< HTTP RESPONSE 200
[info] i  Skipping write of todo_app/index.html
[info] 
[info] i  Writing configuration info to firebase.json...
[info] i  Writing project information to .firebaserc...
[info] i  Writing gitignore file to .gitignore...
[info] 
[info] +  Firebase initialization complete!
